The Web Console server could not be started. Possible cause: another server is already running at http://127.0.1.1:8082?key=c830460534f3f415ce4b89b7efa1a81b72465da29f7ceb2aa0d9b59a192632b4
Root cause: Exception opening port "8082" (port may be in use), cause: "java.net.BindException: Address already in use" [90061-199]
Exception in thread "main" org.h2.jdbc.JdbcSQLNonTransientConnectionException: Exception opening port "8082" (port may be in use), cause: "java.net.BindException: Address already in use" [90061-199]
	at org.h2.message.DbException.getJdbcSQLException(DbException.java:617)
	at org.h2.message.DbException.getJdbcSQLException(DbException.java:427)
	at org.h2.message.DbException.get(DbException.java:194)
	at org.h2.util.NetUtils.createServerSocketTry(NetUtils.java:180)
	at org.h2.util.NetUtils.createServerSocket(NetUtils.java:146)
	at org.h2.server.web.WebServer.start(WebServer.java:387)
	at org.h2.tools.Server.start(Server.java:511)
	at org.h2.tools.Console.runTool(Console.java:208)
	at org.h2.tools.Console.main(Console.java:72)
Caused by: java.net.BindException: Address already in use
	at java.base/sun.nio.ch.Net.bind0(Native Method)
	at java.base/sun.nio.ch.Net.bind(Net.java:479)
	at java.base/sun.nio.ch.Net.bind(Net.java:468)
	at java.base/sun.nio.ch.NioSocketImpl.bind(NioSocketImpl.java:643)
	at java.base/java.net.ServerSocket.bind(ServerSocket.java:396)
	at java.base/java.net.ServerSocket.<init>(ServerSocket.java:282)
	at java.base/java.net.ServerSocket.<init>(ServerSocket.java:173)
	at org.h2.util.NetUtils.createServerSocketTry(NetUtils.java:176)
	... 5 more
[8973:8973:0824/184406.028940:ERROR:broker_posix.cc(43)] Invalid node channel message
[8970:8970:0100/000000.191829:ERROR:sandbox_linux.cc(374)] InitializeSandbox() called with multiple threads in process gpu-process.
[8970:8970:0100/000000.192758:ERROR:broker_posix.cc(43)] Invalid node channel message
(electron) 'getName function' is deprecated and will be removed. Please use 'name property' instead.
Not disabling GPU
ProtocolHandler~setDefaultProtocolClient: Command failed: xdg-mime default Postman.desktop x-scheme-handler/postman
/bin/sh: 1: xdg-mime: not found

Error org.freedesktop.DBus.Error.Failed: cannot use setting "default-url-scheme-handler": not allowed
Main~createDefaultWorkingDir - Default working dir creation already attempted
1598798917755 main info "Booting Postman 7.31.1, linux-5.4.0-42-generic on x64"
1598798917757 main info "EventBus~initialize - Success"
1598798917822 main warn "CloudProxyManager~init: Error while reading proxy configuration from user data - ",{"errno":-2,"code":"ENOENT","syscall":"open","path":"/home/topovv/snap/postman/123/.config/Postman/Postman_Config/proxy","name":"Error","message":"ENOENT: no such file or directory, open '/home/topovv/snap/postman/123/.config/Postman/Postman_Config/proxy'","stack":"Error: ENOENT: no such file or directory, open '/home/topovv/snap/postman/123/.config/Postman/Postman_Config/proxy'"}
1598798917824 main info "CloudProxyManager~init - Success"
1598798917835 main info "UpdateHandler~init - Success"
1598798925698 main info "RuntimeIPCAgent~started: Success"
1598798936841 main info "LinuxAutoUpdater~Cleanup - Initial cleanup successful"
1598798939247 main info "Bootstrap-models~bootstrap - Success"
1598798944813 main info "window-manager~newSharedWindow: Shell loaded"
1598798959474 main info "Main~AppEvents - Received booted event for process shared"
1598798991424 main info "Main~AppEvents - Received booted event for process requester"
INTERCEPTOR CONNECTIVITY: Connecting to Interceptor Bridge
InterceptorBridge: Trying to connect Native App IPC~Interceptor Bridge
IPCClient ~ WindowHandler: New event is received { type: 'window-opened' }
1598825345199 main info "WindowManager~closeHandler - Closed Window (id: 3 )"
IPCClient ~ WindowHandler: New event is received { type: 'window-closed', windowId: 3 }
focus-change for guestInstanceId: 5
1598825362055 main info "Quitting app"
Picked up _JAVA_OPTIONS: -Xmx2048m
(electron) 'getName function' is deprecated and will be removed. Please use 'name property' instead.
Not disabling GPU
[11019:11019:0100/000000.909646:ERROR:sandbox_linux.cc(374)] InitializeSandbox() called with multiple threads in process gpu-process.
[11019:11019:0100/000000.910819:ERROR:broker_posix.cc(43)] Invalid node channel message
[11021:11021:0831/124759.075943:ERROR:broker_posix.cc(43)] Invalid node channel message
ProtocolHandler~setDefaultProtocolClient: Command failed: xdg-mime default Postman.desktop x-scheme-handler/postman
/bin/sh: 1: xdg-mime: not found

Error org.freedesktop.DBus.Error.Failed: cannot use setting "default-url-scheme-handler": not allowed
Main~createDefaultWorkingDir - Default working dir creation already attempted
1598867283275 main info "Booting Postman 7.31.1, linux-5.4.0-42-generic on x64"
1598867283277 main info "EventBus~initialize - Success"
1598867283282 main warn "CloudProxyManager~init: Error while reading proxy configuration from user data - ",{"errno":-2,"code":"ENOENT","syscall":"open","path":"/home/topovv/snap/postman/123/.config/Postman/Postman_Config/proxy","name":"Error","message":"ENOENT: no such file or directory, open '/home/topovv/snap/postman/123/.config/Postman/Postman_Config/proxy'","stack":"Error: ENOENT: no such file or directory, open '/home/topovv/snap/postman/123/.config/Postman/Postman_Config/proxy'"}
1598867283283 main info "CloudProxyManager~init - Success"
1598867283295 main info "UpdateHandler~init - Success"
1598867286990 main info "RuntimeIPCAgent~started: Success"
1598867288562 main info "LinuxAutoUpdater~Cleanup - Initial cleanup successful"
1598867289308 main info "Bootstrap-models~bootstrap - Success"
1598867294490 main info "window-manager~newSharedWindow: Shell loaded"
1598867304896 main info "Main~AppEvents - Received booted event for process shared"
1598867309309 main info "WindowManager~closeHandler - Closed Window (id: 3 )"
1598867309458 main info "Quitting app"
Picked up _JAVA_OPTIONS: -Xmx2048m
(electron) 'getName function' is deprecated and will be removed. Please use 'name property' instead.
Not disabling GPU
ProtocolHandler~setDefaultProtocolClient: Command failed: xdg-mime default Postman.desktop x-scheme-handler/postman
/bin/sh: 1: xdg-mime: not found

Error org.freedesktop.DBus.Error.Failed: cannot use setting "default-url-scheme-handler": not allowed
Main~createDefaultWorkingDir - Default working dir creation already attempted
1599407332592 main info "Booting Postman 7.31.1, linux-5.4.0-45-generic on x64"
1599407332594 main info "EventBus~initialize - Success"
1599407332598 main warn "CloudProxyManager~init: Error while reading proxy configuration from user data - ",{"errno":-2,"code":"ENOENT","syscall":"open","path":"/home/topovv/snap/postman/123/.config/Postman/Postman_Config/proxy","name":"Error","message":"ENOENT: no such file or directory, open '/home/topovv/snap/postman/123/.config/Postman/Postman_Config/proxy'","stack":"Error: ENOENT: no such file or directory, open '/home/topovv/snap/postman/123/.config/Postman/Postman_Config/proxy'"}
1599407332600 main info "CloudProxyManager~init - Success"
1599407332608 main info "UpdateHandler~init - Success"
1599407335149 main info "RuntimeIPCAgent~started: Success"
1599407336496 main info "LinuxAutoUpdater~Cleanup - Initial cleanup successful"
1599407337074 main info "Bootstrap-models~bootstrap - Success"
1599407341915 main info "window-manager~newSharedWindow: Shell loaded"
1599407349731 main info "Main~AppEvents - Received booted event for process shared"
INTERCEPTOR CONNECTIVITY: Connecting to Interceptor Bridge
InterceptorBridge: Trying to connect Native App IPC~Interceptor Bridge
1599407355232 main info "Main~AppEvents - Received booted event for process requester"
IPCClient ~ WindowHandler: New event is received { type: 'window-opened' }
